{
  "RSpec": {
    "coverage": {
      "/Users/Victor/Development/code/tic-tac-toe-rb-q-000/lib/tic_tac_toe.rb": [
        1,
        null,
        null,
        null,
        null,
        null,
        null,
        null,
        null,
        null,
        1,
        1,
        22,
        22,
        22,
        22,
        22,
        null,
        null,
        1,
        23,
        null,
        null,
        1,
        23,
        23,
        null,
        null,
        1,
        null,
        27,
        27,
        24,
        null,
        3,
        null,
        null,
        null,
        1,
        23,
        23,
        20,
        null,
        3,
        null,
        null,
        null,
        1,
        20,
        20,
        20,
        20,
        1,
        1,
        null,
        20,
        20,
        null,
        null,
        1,
        56,
        56,
        504,
        101,
        null,
        null,
        56,
        null,
        null,
        null,
        1,
        38,
        38,
        null,
        null,
        1,
        83,
        538,
        2089,
        33,
        null,
        null,
        50,
        null,
        null,
        1,
        199,
        25,
        null,
        9,
        null,
        null,
        1,
        33,
        33,
        6,
        null,
        27,
        null,
        null,
        1,
        21,
        10,
        null,
        11,
        null,
        null,
        1,
        22,
        7,
        7,
        null,
        null,
        null,
        null,
        1,
        12,
        17,
        17,
        17,
        null,
        12,
        4,
        null,
        1,
        null,
        null,
        12,
        3,
        null,
        null,
        null,
        null,
        null,
        null,
        null,
        null,
        null,
        null,
        null,
        null,
        null,
        null,
        null
      ]
    },
    "timestamp": 1463964577
  }
}
