{
  "RSpec": {
    "coverage": {
      "/Users/shmullywolfson/Development/code/tic-tac-toe-rb-q-000/lib/tic_tac_toe.rb": [
        1,
        null,
        null,
        null,
        null,
        null,
        null,
        null,
        null,
        null,
        null,
        null,
        1,
        26,
        26,
        26,
        26,
        26,
        null,
        null,
        1,
        22,
        null,
        null,
        1,
        26,
        null,
        null,
        1,
        24,
        null,
        null,
        1,
        21,
        21,
        21,
        20,
        null,
        1,
        null,
        21,
        null,
        null,
        1,
        220,
        null,
        null,
        1,
        21,
        null,
        null,
        1,
        52,
        850,
        714,
        null,
        null,
        null,
        1,
        144,
        null,
        null,
        1,
        22,
        null,
        null,
        1,
        22,
        null,
        null,
        1,
        7,
        6,
        null,
        null,
        null,
        null,
        1,
        12,
        18,
        null,
        12,
        5,
        7,
        3,
        null,
        null,
        null,
        null,
        null,
        null,
        null,
        null,
        null,
        null,
        null
      ]
    },
    "timestamp": 1446441001
  }
}
